#
# There is insufficient memory for the Java Runtime Environment to continue.
# Native memory allocation (malloc) failed to allocate 1081136 bytes for Chunk::new
# Possible reasons:
#   The system is out of physical RAM or swap space
#   The process is running with CompressedOops enabled, and the Java Heap may be blocking the growth of the native heap
# Possible solutions:
#   Reduce memory load on the system
#   Increase physical memory or swap space
#   Check if swap backing store is full
#   Decrease Java heap size (-Xmx/-Xms)
#   Decrease number of Java threads
#   Decrease Java thread stack sizes (-Xss)
#   Set larger code cache with -XX:ReservedCodeCacheSize=
#   JVM is running with Unscaled Compressed Oops mode in which the Java heap is
#     placed in the first 4GB address space. The Java Heap base address is the
#     maximum limit for the native heap growth. Please use -XX:HeapBaseMinAddress
#     to set the Java Heap base and to place the Java Heap above 4GB virtual address.
# This output file may be truncated or incomplete.
#
#  Out of Memory Error (arena.cpp:189), pid=16976, tid=12588
#
# JRE version: OpenJDK Runtime Environment (17.0.2+8) (build 17.0.2+8-86)
# Java VM: OpenJDK 64-Bit Server VM (17.0.2+8-86, mixed mode, sharing, tiered, compressed oops, compressed class ptrs, g1 gc, windows-amd64)
# No core dump will be written. Minidumps are not enabled by default on client versions of Windows
#

---------------  S U M M A R Y ------------

Command Line: -Dfile.encoding=windows-1252 -Duser.country=BE -Duser.language=fr -Duser.variant com.porteFeuille.demo.DemoAppApplication

Host: Intel(R) Core(TM) i5-8300H CPU @ 2.30GHz, 8 cores, 7G,  Windows 10 , 64 bit Build 19041 (10.0.19041.2364)
Time: Sat Mar 25 17:38:12 2023 Paris, Madrid elapsed time: 11.659972 seconds (0d 0h 0m 11s)

---------------  T H R E A D  ---------------

Current thread (0x0000021a663e0b70):  JavaThread "C2 CompilerThread0" daemon [_thread_in_native, id=12588, stack(0x000000d57dc00000,0x000000d57dd00000)]


Current CompileTask:
C2:  11660 7377   !   4       org.springframework.core.annotation.AnnotationsScanner::processMethodHierarchy (276 bytes)

Stack: [0x000000d57dc00000,0x000000d57dd00000]
Native frames: (J=compiled Java code, j=interpreted, Vv=VM code, C=native code)
V  [jvm.dll+0x670baa]
V  [jvm.dll+0x7cfcb4]
V  [jvm.dll+0x7d145e]
V  [jvm.dll+0x7d1ac3]
V  [jvm.dll+0x242bc5]
V  [jvm.dll+0xaa57b]
V  [jvm.dll+0xaab0c]
V  [jvm.dll+0x2a991f]
V  [jvm.dll+0x5792d9]
V  [jvm.dll+0x21de3d]
V  [jvm.dll+0x217884]
V  [jvm.dll+0x214fab]
V  [jvm.dll+0x1a1bbd]
V  [jvm.dll+0x224908]
V  [jvm.dll+0x222a6c]
V  [jvm.dll+0x7859bb]
V  [jvm.dll+0x77ff7a]
V  [jvm.dll+0x66fa35]
C  [ucrtbase.dll+0x21bb2]
C  [KERNEL32.DLL+0x17614]
C  [ntdll.dll+0x526a1]


---------------  P R O C E S S  ---------------

Threads class SMR info:
_java_thread_list=0x0000021a6fa50690, length=35, elements={
0x0000021a483c2180, 0x0000021a663b7370, 0x0000021a663bae90, 0x0000021a663ce630,
0x0000021a663d0ff0, 0x0000021a663d2140, 0x0000021a663d3290, 0x0000021a663e0b70,
0x0000021a663e1db0, 0x0000021a663eb710, 0x0000021a670bd860, 0x0000021a670be6d0,
0x0000021a670bdd30, 0x0000021a670bc9f0, 0x0000021a670bd390, 0x0000021a670bad10,
0x0000021a670bbb80, 0x0000021a670bc050, 0x0000021a670bcec0, 0x0000021a6b930db0,
0x0000021a696dbe20, 0x0000021a6cb9faf0, 0x0000021a6cb9cfa0, 0x0000021a6cb9f620,
0x0000021a6cb9d940, 0x0000021a6cb9ffc0, 0x0000021a6cba0490, 0x0000021a6cb9c600,
0x0000021a6cb9de10, 0x0000021a6cb9cad0, 0x0000021a6cb99110, 0x0000021a6cb9e2e0,
0x0000021a6cb9f150, 0x0000021a6cb9e7b0, 0x0000021a6cb99ab0
}

Java Threads: ( => current thread )
  0x0000021a483c2180 JavaThread "main" [_thread_blocked, id=17208, stack(0x000000d57cf00000,0x000000d57d000000)]
  0x0000021a663b7370 JavaThread "Reference Handler" daemon [_thread_blocked, id=14924, stack(0x000000d57d600000,0x000000d57d700000)]
  0x0000021a663bae90 JavaThread "Finalizer" daemon [_thread_blocked, id=1728, stack(0x000000d57d700000,0x000000d57d800000)]
  0x0000021a663ce630 JavaThread "Signal Dispatcher" daemon [_thread_blocked, id=13904, stack(0x000000d57d800000,0x000000d57d900000)]
  0x0000021a663d0ff0 JavaThread "Attach Listener" daemon [_thread_blocked, id=2516, stack(0x000000d57d900000,0x000000d57da00000)]
  0x0000021a663d2140 JavaThread "Service Thread" daemon [_thread_blocked, id=15296, stack(0x000000d57da00000,0x000000d57db00000)]
  0x0000021a663d3290 JavaThread "Monitor Deflation Thread" daemon [_thread_blocked, id=16524, stack(0x000000d57db00000,0x000000d57dc00000)]
=>0x0000021a663e0b70 JavaThread "C2 CompilerThread0" daemon [_thread_in_native, id=12588, stack(0x000000d57dc00000,0x000000d57dd00000)]
  0x0000021a663e1db0 JavaThread "C1 CompilerThread0" daemon [_thread_blocked, id=7028, stack(0x000000d57dd00000,0x000000d57de00000)]
  0x0000021a663eb710 JavaThread "Sweeper thread" daemon [_thread_blocked, id=9168, stack(0x000000d57de00000,0x000000d57df00000)]
  0x0000021a670bd860 JavaThread "Notification Thread" daemon [_thread_blocked, id=8972, stack(0x000000d57df00000,0x000000d57e000000)]
  0x0000021a670be6d0 JavaThread "Common-Cleaner" daemon [_thread_blocked, id=16456, stack(0x000000d57e100000,0x000000d57e200000)]
  0x0000021a670bdd30 JavaThread "Thread-0" [_thread_blocked, id=17296, stack(0x000000d57e400000,0x000000d57e500000)]
  0x0000021a670bc9f0 JavaThread "restartedMain" [_thread_in_vm, id=17360, stack(0x000000d57e500000,0x000000d57e600000)]
  0x0000021a670bd390 JavaThread "Catalina-utility-1" [_thread_blocked, id=13044, stack(0x000000d57ee00000,0x000000d57ef00000)]
  0x0000021a670bad10 JavaThread "Catalina-utility-2" [_thread_blocked, id=3924, stack(0x000000d57ef00000,0x000000d57f000000)]
  0x0000021a670bbb80 JavaThread "container-0" [_thread_blocked, id=14900, stack(0x000000d57f000000,0x000000d57f100000)]
  0x0000021a670bc050 JavaThread "mysql-cj-abandoned-connection-cleanup" daemon [_thread_blocked, id=392, stack(0x000000d57f100000,0x000000d57f200000)]
  0x0000021a670bcec0 JavaThread "HikariPool-1 housekeeper" daemon [_thread_blocked, id=6148, stack(0x000000d57e200000,0x000000d57e300000)]
  0x0000021a6b930db0 JavaThread "C2 CompilerThread1" daemon [_thread_in_native, id=11012, stack(0x000000d57e300000,0x000000d57e400000)]
  0x0000021a696dbe20 JavaThread "C2 CompilerThread2" daemon [_thread_in_native, id=8792, stack(0x000000d57f400000,0x000000d57f500000)]
  0x0000021a6cb9faf0 JavaThread "File Watcher" daemon [_thread_blocked, id=16144, stack(0x000000d57f500000,0x000000d57f600000)]
  0x0000021a6cb9cfa0 JavaThread "Live Reload Server" daemon [_thread_in_native, id=7908, stack(0x000000d57f700000,0x000000d57f800000)]
  0x0000021a6cb9f620 JavaThread "http-nio-8010-exec-1" daemon [_thread_in_vm, id=2768, stack(0x000000d57f600000,0x000000d57f700000)]
  0x0000021a6cb9d940 JavaThread "http-nio-8010-exec-2" daemon [_thread_blocked, id=14908, stack(0x000000d57f800000,0x000000d57f900000)]
  0x0000021a6cb9ffc0 JavaThread "http-nio-8010-exec-3" daemon [_thread_blocked, id=9080, stack(0x000000d57f900000,0x000000d57fa00000)]
  0x0000021a6cba0490 JavaThread "http-nio-8010-exec-4" daemon [_thread_blocked, id=7140, stack(0x000000d57fa00000,0x000000d57fb00000)]
  0x0000021a6cb9c600 JavaThread "http-nio-8010-exec-5" daemon [_thread_blocked, id=14780, stack(0x000000d57fb00000,0x000000d57fc00000)]
  0x0000021a6cb9de10 JavaThread "http-nio-8010-exec-6" daemon [_thread_blocked, id=15940, stack(0x000000d57fc00000,0x000000d57fd00000)]
  0x0000021a6cb9cad0 JavaThread "http-nio-8010-exec-7" daemon [_thread_blocked, id=9592, stack(0x000000d57fd00000,0x000000d57fe00000)]
  0x0000021a6cb99110 JavaThread "http-nio-8010-exec-8" daemon [_thread_blocked, id=3108, stack(0x000000d57fe00000,0x000000d57ff00000)]
  0x0000021a6cb9e2e0 JavaThread "http-nio-8010-exec-9" daemon [_thread_blocked, id=7280, stack(0x000000d57ff00000,0x000000d580000000)]
  0x0000021a6cb9f150 JavaThread "http-nio-8010-exec-10" daemon [_thread_blocked, id=11648, stack(0x000000d500000000,0x000000d500100000)]
  0x0000021a6cb9e7b0 JavaThread "http-nio-8010-Poller" daemon [_thread_in_native, id=2920, stack(0x000000d500100000,0x000000d500200000)]
  0x0000021a6cb99ab0 JavaThread "http-nio-8010-Acceptor" daemon [_thread_in_native, id=7448, stack(0x000000d500200000,0x000000d500300000)]

Other Threads:
  0x0000021a663af300 VMThread "VM Thread" [stack: 0x000000d57d500000,0x000000d57d600000] [id=14628]
  0x0000021a670becd0 WatcherThread [stack: 0x000000d57e000000,0x000000d57e100000] [id=5288]
  0x0000021a48401f50 GCTaskThread "GC Thread#0" [stack: 0x000000d57d000000,0x000000d57d100000] [id=16532]
  0x0000021a67b74260 GCTaskThread "GC Thread#1" [stack: 0x000000d57e600000,0x000000d57e700000] [id=12536]
  0x0000021a67b74510 GCTaskThread "GC Thread#2" [stack: 0x000000d57e700000,0x000000d57e800000] [id=15412]
  0x0000021a67b747c0 GCTaskThread "GC Thread#3" [stack: 0x000000d57e800000,0x000000d57e900000] [id=11104]
  0x0000021a67b74e80 GCTaskThread "GC Thread#4" [stack: 0x000000d57e900000,0x000000d57ea00000] [id=8504]
  0x0000021a67b13050 GCTaskThread "GC Thread#5" [stack: 0x000000d57ea00000,0x000000d57eb00000] [id=15440]
  0x0000021a68336900 GCTaskThread "GC Thread#6" [stack: 0x000000d57ec00000,0x000000d57ed00000] [id=16016]
  0x0000021a68335e40 GCTaskThread "GC Thread#7" [stack: 0x000000d57ed00000,0x000000d57ee00000] [id=15948]
  0x0000021a484129d0 ConcurrentGCThread "G1 Main Marker" [stack: 0x000000d57d100000,0x000000d57d200000] [id=9076]
  0x0000021a484133e0 ConcurrentGCThread "G1 Conc#0" [stack: 0x000000d57d200000,0x000000d57d300000] [id=12596]
  0x0000021a683363a0 ConcurrentGCThread "G1 Conc#1" [stack: 0x000000d57eb00000,0x000000d57ec00000] [id=15316]
  0x0000021a66271840 ConcurrentGCThread "G1 Refine#0" [stack: 0x000000d57d300000,0x000000d57d400000] [id=9252]
  0x0000021a4848b920 ConcurrentGCThread "G1 Service" [stack: 0x000000d57d400000,0x000000d57d500000] [id=15140]

Threads with active compile tasks:
C2 CompilerThread0    11758 7377   !   4       org.springframework.core.annotation.AnnotationsScanner::processMethodHierarchy (276 bytes)
C2 CompilerThread1    11758 7240       4       org.springframework.core.annotation.AnnotationsScanner::processClass (93 bytes)
C2 CompilerThread2    11758 6924       4       org.springframework.core.annotation.AnnotationsScanner::scan (21 bytes)

VM state: not at safepoint (normal execution)

VM Mutex/Monitor currently owned by a thread: None

Heap address: 0x0000000082600000, size: 2010 MB, Compressed Oops mode: 32-bit

CDS archive(s) mapped at: [0x0000000800000000-0x0000000800bc0000-0x0000000800bc0000), size 12320768, SharedBaseAddress: 0x0000000800000000, ArchiveRelocationMode: 0.
Compressed class space mapped at: 0x0000000800c00000-0x0000000840c00000, reserved size: 1073741824
Narrow klass base: 0x0000000800000000, Narrow klass shift: 0, Narrow klass range: 0x100000000

GC Precious Log:
 CPUs: 8 total, 8 available
 Memory: 8032M
 Large Page Support: Disabled
 NUMA Support: Disabled
 Compressed Oops: Enabled (32-bit)
 Heap Region Size: 1M
 Heap Min Capacity: 8M
 Heap Initial Capacity: 126M
 Heap Max Capacity: 2010M
 Pre-touch: Disabled
 Parallel Workers: 8
 Concurrent Workers: 2
 Concurrent Refinement Workers: 8
 Periodic GC: Disabled

Heap:
 garbage-first heap   total 138240K, used 68758K [0x0000000082600000, 0x0000000100000000)
  region size 1024K, 44 young (45056K), 3 survivors (3072K)
 Metaspace       used 69619K, committed 70144K, reserved 1114112K
  class space    used 9436K, committed 9664K, reserved 1048576K

Heap Regions: E=young(eden), S=young(survivor), O=old, HS=humongous(starts), HC=humongous(continues), CS=collection set, F=free, OA=open archive, CA=closed archive, TAMS=top-at-mark-start (previous, next)
|   0|0x0000000082600000, 0x0000000082700000, 0x0000000082700000|100%|HS|  |TAMS 0x0000000082700000, 0x0000000082600000| Complete 
|   1|0x0000000082700000, 0x0000000082800000, 0x0000000082800000|100%| O|  |TAMS 0x0000000082800000, 0x0000000082700000| Untracked 
|   2|0x0000000082800000, 0x0000000082900000, 0x0000000082900000|100%| O|  |TAMS 0x0000000082900000, 0x0000000082800000| Untracked 
|   3|0x0000000082900000, 0x0000000082a00000, 0x0000000082a00000|100%| O|  |TAMS 0x0000000082a00000, 0x0000000082900000| Untracked 
|   4|0x0000000082a00000, 0x0000000082b00000, 0x0000000082b00000|100%| O|  |TAMS 0x0000000082b00000, 0x0000000082a00000| Untracked 
|   5|0x0000000082b00000, 0x0000000082c00000, 0x0000000082c00000|100%| O|  |TAMS 0x0000000082c00000, 0x0000000082b00000| Untracked 
|   6|0x0000000082c00000, 0x0000000082d00000, 0x0000000082d00000|100%| O|  |TAMS 0x0000000082d00000, 0x0000000082c00000| Untracked 
|   7|0x0000000082d00000, 0x0000000082e00000, 0x0000000082e00000|100%| O|  |TAMS 0x0000000082e00000, 0x0000000082d00000| Untracked 
|   8|0x0000000082e00000, 0x0000000082f00000, 0x0000000082f00000|100%| O|  |TAMS 0x0000000082f00000, 0x0000000082e00000| Untracked 
|   9|0x0000000082f00000, 0x0000000083000000, 0x0000000083000000|100%| O|  |TAMS 0x0000000083000000, 0x0000000082f00000| Untracked 
|  10|0x0000000083000000, 0x0000000083100000, 0x0000000083100000|100%| O|  |TAMS 0x0000000083100000, 0x0000000083000000| Untracked 
|  11|0x0000000083100000, 0x0000000083200000, 0x0000000083200000|100%| O|  |TAMS 0x0000000083200000, 0x0000000083100000| Untracked 
|  12|0x0000000083200000, 0x0000000083300000, 0x0000000083300000|100%| O|  |TAMS 0x0000000083300000, 0x0000000083200000| Untracked 
|  13|0x0000000083300000, 0x0000000083400000, 0x0000000083400000|100%| O|  |TAMS 0x0000000083400000, 0x0000000083300000| Untracked 
|  14|0x0000000083400000, 0x0000000083400000, 0x0000000083500000|  0%| F|  |TAMS 0x0000000083400000, 0x0000000083400000| Untracked 
|  15|0x0000000083500000, 0x0000000083600000, 0x0000000083600000|100%| O|  |TAMS 0x0000000083500000, 0x0000000083500000| Untracked 
|  16|0x0000000083600000, 0x0000000083700000, 0x0000000083700000|100%| O|  |TAMS 0x0000000083700000, 0x0000000083600000| Untracked 
|  17|0x0000000083700000, 0x0000000083800000, 0x0000000083800000|100%| O|  |TAMS 0x0000000083800000, 0x0000000083700000| Untracked 
|  18|0x0000000083800000, 0x0000000083900000, 0x0000000083900000|100%| O|  |TAMS 0x0000000083900000, 0x0000000083800000| Untracked 
|  19|0x0000000083900000, 0x0000000083a00000, 0x0000000083a00000|100%| O|  |TAMS 0x0000000083a00000, 0x0000000083900000| Untracked 
|  20|0x0000000083a00000, 0x0000000083b00000, 0x0000000083b00000|100%| O|  |TAMS 0x0000000083b00000, 0x0000000083a00000| Untracked 
|  21|0x0000000083b00000, 0x0000000083c00000, 0x0000000083c00000|100%| O|  |TAMS 0x0000000083b4fe00, 0x0000000083b00000| Untracked 
|  22|0x0000000083c00000, 0x0000000083d00000, 0x0000000083d00000|100%| O|  |TAMS 0x0000000083c00000, 0x0000000083c00000| Untracked 
|  23|0x0000000083d00000, 0x0000000083e00000, 0x0000000083e00000|100%| O|  |TAMS 0x0000000083d00000, 0x0000000083d00000| Untracked 
|  24|0x0000000083e00000, 0x0000000083f00000, 0x0000000083f00000|100%| O|  |TAMS 0x0000000083e00000, 0x0000000083e00000| Untracked 
|  25|0x0000000083f00000, 0x0000000084000000, 0x0000000084000000|100%| O|  |TAMS 0x0000000083f00000, 0x0000000083f00000| Untracked 
|  26|0x0000000084000000, 0x0000000084051800, 0x0000000084100000| 31%| O|  |TAMS 0x0000000084000000, 0x0000000084000000| Untracked 
|  27|0x0000000084100000, 0x0000000084100000, 0x0000000084200000|  0%| F|  |TAMS 0x0000000084100000, 0x0000000084100000| Untracked 
|  28|0x0000000084200000, 0x0000000084200000, 0x0000000084300000|  0%| F|  |TAMS 0x0000000084200000, 0x0000000084200000| Untracked 
|  29|0x0000000084300000, 0x0000000084300000, 0x0000000084400000|  0%| F|  |TAMS 0x0000000084300000, 0x0000000084300000| Untracked 
|  30|0x0000000084400000, 0x0000000084400000, 0x0000000084500000|  0%| F|  |TAMS 0x0000000084400000, 0x0000000084400000| Untracked 
|  31|0x0000000084500000, 0x0000000084500000, 0x0000000084600000|  0%| F|  |TAMS 0x0000000084500000, 0x0000000084500000| Untracked 
|  32|0x0000000084600000, 0x0000000084600000, 0x0000000084700000|  0%| F|  |TAMS 0x0000000084600000, 0x0000000084600000| Untracked 
|  33|0x0000000084700000, 0x0000000084700000, 0x0000000084800000|  0%| F|  |TAMS 0x0000000084700000, 0x0000000084700000| Untracked 
|  34|0x0000000084800000, 0x00000000848d4100, 0x0000000084900000| 82%| S|CS|TAMS 0x0000000084800000, 0x0000000084800000| Complete 
|  35|0x0000000084900000, 0x0000000084a00000, 0x0000000084a00000|100%| S|CS|TAMS 0x0000000084900000, 0x0000000084900000| Complete 
|  36|0x0000000084a00000, 0x0000000084a00000, 0x0000000084b00000|  0%| F|  |TAMS 0x0000000084a00000, 0x0000000084a00000| Untracked 
|  37|0x0000000084b00000, 0x0000000084b00000, 0x0000000084c00000|  0%| F|  |TAMS 0x0000000084b00000, 0x0000000084b00000| Untracked 
|  38|0x0000000084c00000, 0x0000000084d00000, 0x0000000084d00000|100%| S|CS|TAMS 0x0000000084c00000, 0x0000000084c00000| Complete 
|  39|0x0000000084d00000, 0x0000000084d00000, 0x0000000084e00000|  0%| F|  |TAMS 0x0000000084d00000, 0x0000000084d00000| Untracked 
|  40|0x0000000084e00000, 0x0000000084e00000, 0x0000000084f00000|  0%| F|  |TAMS 0x0000000084e00000, 0x0000000084e00000| Untracked 
|  41|0x0000000084f00000, 0x0000000084f00000, 0x0000000085000000|  0%| F|  |TAMS 0x0000000084f00000, 0x0000000084f00000| Untracked 
|  42|0x0000000085000000, 0x0000000085000000, 0x0000000085100000|  0%| F|  |TAMS 0x0000000085000000, 0x0000000085000000| Untracked 
|  43|0x0000000085100000, 0x0000000085100000, 0x0000000085200000|  0%| F|  |TAMS 0x0000000085100000, 0x0000000085100000| Untracked 
|  44|0x0000000085200000, 0x0000000085200000, 0x0000000085300000|  0%| F|  |TAMS 0x0000000085200000, 0x0000000085200000| Untracked 
|  45|0x0000000085300000, 0x0000000085300000, 0x0000000085400000|  0%| F|  |TAMS 0x0000000085300000, 0x0000000085300000| Untracked 
|  46|0x0000000085400000, 0x0000000085400000, 0x0000000085500000|  0%| F|  |TAMS 0x0000000085400000, 0x0000000085400000| Untracked 
|  47|0x0000000085500000, 0x0000000085500000, 0x0000000085600000|  0%| F|  |TAMS 0x0000000085500000, 0x0000000085500000| Untracked 
|  48|0x0000000085600000, 0x0000000085600000, 0x0000000085700000|  0%| F|  |TAMS 0x0000000085600000, 0x0000000085600000| Untracked 
|  49|0x0000000085700000, 0x0000000085700000, 0x0000000085800000|  0%| F|  |TAMS 0x0000000085700000, 0x0000000085700000| Untracked 
|  50|0x0000000085800000, 0x0000000085800000, 0x0000000085900000|  0%| F|  |TAMS 0x0000000085800000, 0x0000000085800000| Untracked 
|  51|0x0000000085900000, 0x0000000085900000, 0x0000000085a00000|  0%| F|  |TAMS 0x0000000085900000, 0x0000000085900000| Untracked 
|  52|0x0000000085a00000, 0x0000000085a00000, 0x0000000085b00000|  0%| F|  |TAMS 0x0000000085a00000, 0x0000000085a00000| Untracked 
|  53|0x0000000085b00000, 0x0000000085b00000, 0x0000000085c00000|  0%| F|  |TAMS 0x0000000085b00000, 0x0000000085b00000| Untracked 
|  54|0x0000000085c00000, 0x0000000085c00000, 0x0000000085d00000|  0%| F|  |TAMS 0x0000000085c00000, 0x0000000085c00000| Untracked 
|  55|0x0000000085d00000, 0x0000000085d00000, 0x0000000085e00000|  0%| F|  |TAMS 0x0000000085d00000, 0x0000000085d00000| Untracked 
|  56|0x0000000085e00000, 0x0000000085e00000, 0x0000000085f00000|  0%| F|  |TAMS 0x0000000085e00000, 0x0000000085e00000| Untracked 
|  57|0x0000000085f00000, 0x0000000085f00000, 0x0000000086000000|  0%| F|  |TAMS 0x0000000085f00000, 0x0000000085f00000| Untracked 
|  58|0x0000000086000000, 0x0000000086000000, 0x0000000086100000|  0%| F|  |TAMS 0x0000000086000000, 0x0000000086000000| Untracked 
|  59|0x0000000086100000, 0x0000000086100000, 0x0000000086200000|  0%| F|  |TAMS 0x0000000086100000, 0x0000000086100000| Untracked 
|  60|0x0000000086200000, 0x0000000086200000, 0x0000000086300000|  0%| F|  |TAMS 0x0000000086200000, 0x0000000086200000| Untracked 
|  61|0x0000000086300000, 0x0000000086300000, 0x0000000086400000|  0%| F|  |TAMS 0x0000000086300000, 0x0000000086300000| Untracked 
|  62|0x0000000086400000, 0x0000000086400000, 0x0000000086500000|  0%| F|  |TAMS 0x0000000086400000, 0x0000000086400000| Untracked 
|  63|0x0000000086500000, 0x0000000086500000, 0x0000000086600000|  0%| F|  |TAMS 0x0000000086500000, 0x0000000086500000| Untracked 
|  64|0x0000000086600000, 0x0000000086600000, 0x0000000086700000|  0%| F|  |TAMS 0x0000000086600000, 0x0000000086600000| Untracked 
|  65|0x0000000086700000, 0x0000000086700000, 0x0000000086800000|  0%| F|  |TAMS 0x0000000086700000, 0x0000000086700000| Untracked 
|  66|0x0000000086800000, 0x0000000086800000, 0x0000000086900000|  0%| F|  |TAMS 0x0000000086800000, 0x0000000086800000| Untracked 
|  67|0x0000000086900000, 0x0000000086900000, 0x0000000086a00000|  0%| F|  |TAMS 0x0000000086900000, 0x0000000086900000| Untracked 
|  68|0x0000000086a00000, 0x0000000086a00000, 0x0000000086b00000|  0%| F|  |TAMS 0x0000000086a00000, 0x0000000086a00000| Untracked 
|  69|0x0000000086b00000, 0x0000000086b00000, 0x0000000086c00000|  0%| F|  |TAMS 0x0000000086b00000, 0x0000000086b00000| Untracked 
|  70|0x0000000086c00000, 0x0000000086c00000, 0x0000000086d00000|  0%| F|  |TAMS 0x0000000086c00000, 0x0000000086c00000| Untracked 
|  71|0x0000000086d00000, 0x0000000086d00000, 0x0000000086e00000|  0%| F|  |TAMS 0x0000000086d00000, 0x0000000086d00000| Untracked 
|  72|0x0000000086e00000, 0x0000000086e00000, 0x0000000086f00000|  0%| F|  |TAMS 0x0000000086e00000, 0x0000000086e00000| Untracked 
|  73|0x0000000086f00000, 0x0000000086f00000, 0x0000000087000000|  0%| F|  |TAMS 0x0000000086f00000, 0x0000000086f00000| Untracked 
|  74|0x0000000087000000, 0x0000000087000000, 0x0000000087100000|  0%| F|  |TAMS 0x0000000087000000, 0x0000000087000000| Untracked 
|  75|0x0000000087100000, 0x0000000087100000, 0x0000000087200000|  0%| F|  |TAMS 0x0000000087100000, 0x0000000087100000| Untracked 
|  76|0x0000000087200000, 0x0000000087200000, 0x0000000087300000|  0%| F|  |TAMS 0x0000000087200000, 0x0000000087200000| Untracked 
|  77|0x0000000087300000, 0x0000000087300000, 0x0000000087400000|  0%| F|  |TAMS 0x0000000087300000, 0x0000000087300000| Untracked 
|  78|0x0000000087400000, 0x0000000087400000, 0x0000000087500000|  0%| F|  |TAMS 0x0000000087400000, 0x0000000087400000| Untracked 
|  79|0x0000000087500000, 0x0000000087500000, 0x0000000087600000|  0%| F|  |TAMS 0x0000000087500000, 0x0000000087500000| Untracked 
|  80|0x0000000087600000, 0x0000000087600000, 0x0000000087700000|  0%| F|  |TAMS 0x0000000087600000, 0x0000000087600000| Untracked 
|  81|0x0000000087700000, 0x0000000087700000, 0x0000000087800000|  0%| F|  |TAMS 0x0000000087700000, 0x0000000087700000| Untracked 
|  82|0x0000000087800000, 0x0000000087800000, 0x0000000087900000|  0%| F|  |TAMS 0x0000000087800000, 0x0000000087800000| Untracked 
|  83|0x0000000087900000, 0x0000000087900000, 0x0000000087a00000|  0%| F|  |TAMS 0x0000000087900000, 0x0000000087900000| Untracked 
|  84|0x0000000087a00000, 0x0000000087a00000, 0x0000000087b00000|  0%| F|  |TAMS 0x0000000087a00000, 0x0000000087a00000| Untracked 
|  85|0x0000000087b00000, 0x0000000087b00000, 0x0000000087c00000|  0%| F|  |TAMS 0x0000000087b00000, 0x0000000087b00000| Untracked 
|  86|0x0000000087c00000, 0x0000000087c00000, 0x0000000087d00000|  0%| F|  |TAMS 0x0000000087c00000, 0x0000000087c00000| Untracked 
|  87|0x0000000087d00000, 0x0000000087d00000, 0x0000000087e00000|  0%| F|  |TAMS 0x0000000087d00000, 0x0000000087d00000| Untracked 
|  88|0x0000000087e00000, 0x0000000087e00000, 0x0000000087f00000|  0%| F|  |TAMS 0x0000000087e00000, 0x0000000087e00000| Untracked 
|  89|0x0000000087f00000, 0x0000000087f00000, 0x0000000088000000|  0%| F|  |TAMS 0x0000000087f00000, 0x0000000087f00000| Untracked 
|  90|0x0000000088000000, 0x0000000088000000, 0x0000000088100000|  0%| F|  |TAMS 0x0000000088000000, 0x0000000088000000| Untracked 
|  91|0x0000000088100000, 0x0000000088100000, 0x0000000088200000|  0%| F|  |TAMS 0x0000000088100000, 0x0000000088100000| Untracked 
|  92|0x0000000088200000, 0x0000000088200000, 0x0000000088300000|  0%| F|  |TAMS 0x0000000088200000, 0x0000000088200000| Untracked 
|  93|0x0000000088300000, 0x0000000088300000, 0x0000000088400000|  0%| F|  |TAMS 0x0000000088300000, 0x0000000088300000| Untracked 
|  94|0x0000000088400000, 0x00000000884480b8, 0x0000000088500000| 28%| E|  |TAMS 0x0000000088400000, 0x0000000088400000| Complete 
|  95|0x0000000088500000, 0x0000000088600000, 0x0000000088600000|100%| E|  |TAMS 0x0000000088500000, 0x0000000088500000| Complete 
|  96|0x0000000088600000, 0x0000000088700000, 0x0000000088700000|100%| E|CS|TAMS 0x0000000088600000, 0x0000000088600000| Complete 
|  97|0x0000000088700000, 0x0000000088800000, 0x0000000088800000|100%| E|CS|TAMS 0x0000000088700000, 0x0000000088700000| Complete 
|  98|0x0000000088800000, 0x0000000088900000, 0x0000000088900000|100%| E|CS|TAMS 0x0000000088800000, 0x0000000088800000| Complete 
|  99|0x0000000088900000, 0x0000000088a00000, 0x0000000088a00000|100%| E|CS|TAMS 0x0000000088900000, 0x0000000088900000| Complete 
| 100|0x0000000088a00000, 0x0000000088b00000, 0x0000000088b00000|100%| E|CS|TAMS 0x0000000088a00000, 0x0000000088a00000| Complete 
| 101|0x0000000088b00000, 0x0000000088c00000, 0x0000000088c00000|100%| E|CS|TAMS 0x0000000088b00000, 0x0000000088b00000| Complete 
| 102|0x0000000088c00000, 0x0000000088d00000, 0x0000000088d00000|100%| E|CS|TAMS 0x0000000088c00000, 0x0000000088c00000| Complete 
| 103|0x0000000088d00000, 0x0000000088e00000, 0x0000000088e00000|100%| E|CS|TAMS 0x0000000088d00000, 0x0000000088d00000| Complete 
| 104|0x0000000088e00000, 0x0000000088f00000, 0x0000000088f00000|100%| E|CS|TAMS 0x0000000088e00000, 0x0000000088e00000| Complete 
| 105|0x0000000088f00000, 0x0000000089000000, 0x0000000089000000|100%| E|CS|TAMS 0x0000000088f00000, 0x0000000088f00000| Complete 
| 106|0x0000000089000000, 0x0000000089100000, 0x0000000089100000|100%| E|CS|TAMS 0x0000000089000000, 0x0000000089000000| Complete 
| 107|0x0000000089100000, 0x0000000089200000, 0x0000000089200000|100%| E|CS|TAMS 0x0000000089100000, 0x0000000089100000| Complete 
| 108|0x0000000089200000, 0x0000000089300000, 0x0000000089300000|100%| E|CS|TAMS 0x0000000089200000, 0x0000000089200000| Complete 
| 109|0x0000000089300000, 0x0000000089400000, 0x0000000089400000|100%| E|CS|TAMS 0x0000000089300000, 0x0000000089300000| Complete 
| 110|0x0000000089400000, 0x0000000089500000, 0x0000000089500000|100%| E|CS|TAMS 0x0000000089400000, 0x0000000089400000| Complete 
| 111|0x0000000089500000, 0x0000000089600000, 0x0000000089600000|100%| E|CS|TAMS 0x0000000089500000, 0x0000000089500000| Complete 
| 112|0x0000000089600000, 0x0000000089700000, 0x0000000089700000|100%| E|CS|TAMS 0x0000000089600000, 0x0000000089600000| Complete 
| 113|0x0000000089700000, 0x0000000089800000, 0x0000000089800000|100%| E|CS|TAMS 0x0000000089700000, 0x0000000089700000| Complete 
| 114|0x0000000089800000, 0x0000000089900000, 0x0000000089900000|100%| E|CS|TAMS 0x0000000089800000, 0x0000000089800000| Complete 
| 115|0x0000000089900000, 0x0000000089a00000, 0x0000000089a00000|100%| E|CS|TAMS 0x0000000089900000, 0x0000000089900000| Complete 
| 116|0x0000000089a00000, 0x0000000089b00000, 0x0000000089b00000|100%| E|CS|TAMS 0x0000000089a00000, 0x0000000089a00000| Complete 
| 117|0x0000000089b00000, 0x0000000089c00000, 0x0000000089c00000|100%| E|CS|TAMS 0x0000000089b00000, 0x0000000089b00000| Complete 
| 118|0x0000000089c00000, 0x0000000089d00000, 0x0000000089d00000|100%| E|CS|TAMS 0x0000000089c00000, 0x0000000089c00000| Complete 
| 119|0x0000000089d00000, 0x0000000089e00000, 0x0000000089e00000|100%| E|CS|TAMS 0x0000000089d00000, 0x0000000089d00000| Complete 
| 120|0x0000000089e00000, 0x0000000089f00000, 0x0000000089f00000|100%| E|CS|TAMS 0x0000000089e00000, 0x0000000089e00000| Complete 
| 121|0x0000000089f00000, 0x000000008a000000, 0x000000008a000000|100%| E|CS|TAMS 0x0000000089f00000, 0x0000000089f00000| Complete 
| 122|0x000000008a000000, 0x000000008a100000, 0x000000008a100000|100%| E|CS|TAMS 0x000000008a000000, 0x000000008a000000| Complete 
| 123|0x000000008a100000, 0x000000008a200000, 0x000000008a200000|100%| E|CS|TAMS 0x000000008a100000, 0x000000008a100000| Complete 
| 124|0x000000008a200000, 0x000000008a300000, 0x000000008a300000|100%| E|CS|TAMS 0x000000008a200000, 0x000000008a200000| Complete 
| 125|0x000000008a300000, 0x000000008a400000, 0x000000008a400000|100%| E|CS|TAMS 0x000000008a300000, 0x000000008a300000| Complete 
| 126|0x000000008a400000, 0x000000008a500000, 0x000000008a500000|100%| E|CS|TAMS 0x000000008a400000, 0x000000008a400000| Complete 
| 127|0x000000008a500000, 0x000000008a600000, 0x000000008a600000|100%| E|CS|TAMS 0x000000008a500000, 0x000000008a500000| Complete 
| 128|0x000000008a600000, 0x000000008a700000, 0x000000008a700000|100%| E|CS|TAMS 0x000000008a600000, 0x000000008a600000| Complete 
| 129|0x000000008a700000, 0x000000008a800000, 0x000000008a800000|100%| E|CS|TAMS 0x000000008a700000, 0x000000008a700000| Complete 
| 130|0x000000008a800000, 0x000000008a900000, 0x000000008a900000|100%| E|CS|TAMS 0x000000008a800000, 0x000000008a800000| Complete 
| 131|0x000000008a900000, 0x000000008aa00000, 0x000000008aa00000|100%| E|CS|TAMS 0x000000008a900000, 0x000000008a900000| Complete 
| 132|0x000000008aa00000, 0x000000008ab00000, 0x000000008ab00000|100%| E|CS|TAMS 0x000000008aa00000, 0x000000008aa00000| Complete 
| 133|0x000000008ab00000, 0x000000008ac00000, 0x000000008ac00000|100%| E|CS|TAMS 0x000000008ab00000, 0x000000008ab00000| Complete 
| 134|0x000000008ac00000, 0x000000008ad00000, 0x000000008ad00000|100%| E|CS|TAMS 0x000000008ac00000, 0x000000008ac00000| Complete 

Card table byte_map: [0x0000021a5f320000,0x0000021a5f710000] _byte_map_base: 0x0000021a5ef0d000

Marking Bits (Prev, Next): (CMBitMap*) 0x0000021a484025a0, (CMBitMap*) 0x0000021a48402560
 Prev Bits: [0x0000021a61a70000, 0x0000021a639d8000)
 Next Bits: [0x0000021a5fb00000, 0x0000021a61a68000)

Polling page: 0x0000021a46330000

Metaspace:

Usage:
  Non-class:     58.80 MB used.
      Class:      9.23 MB used.
       Both:     68.03 MB used.

Virtual space:
  Non-class space:       64.00 MB reserved,      59.12 MB ( 92%) committed,  8 nodes.
      Class space:        1.00 GB reserved,       9.44 MB ( <1%) committed,  1 nodes.
             Both:        1.06 GB reserved,      68.56 MB (  6%) committed. 

Chunk freelists:
   Non-Class:  688.00 KB
       Class:  2.38 MB
        Both:  3.05 MB

MaxMetaspaceSize: unlimited
CompressedClassSpaceSize: 1.00 GB
Initial GC threshold: 21.00 MB
Current GC threshold: 98.38 MB
CDS: on
MetaspaceReclaimPolicy: balanced
 - commit_granule_bytes: 65536.
 - commit_granule_words: 8192.
 - virtual_space_node_default_size: 1048576.
 - enlarge_chunks_in_place: 1.
 - new_chunks_are_fully_committed: 0.
 - uncommit_free_chunks: 1.
 - use_allocation_guard: 0.
 - handle_deallocations: 1.


Internal statistics:

num_allocs_failed_limit: 11.
num_arena_births: 762.
num_arena_deaths: 0.
num_vsnodes_births: 9.
num_vsnodes_deaths: 0.
num_space_committed: 1097.
num_space_uncommitted: 0.
num_chunks_returned_to_freelist: 11.
num_chunks_taken_from_freelist: 3286.
num_chunk_merges: 8.
num_chunk_splits: 2333.
num_chunks_enlarged: 1785.
num_purges: 0.
num_inconsistent_stats: 0.

CodeHeap 'non-profiled nmethods': size=120000Kb used=4129Kb max_used=4129Kb free=115870Kb
 bounds [0x0000021a576d0000, 0x0000021a57ae0000, 0x0000021a5ec00000]
CodeHeap 'profiled nmethods': size=120000Kb used=12553Kb max_used=12553Kb free=107446Kb
 bounds [0x0000021a501a0000, 0x0000021a50df0000, 0x0000021a576d0000]
CodeHeap 'non-nmethods': size=5760Kb used=1356Kb max_used=1452Kb free=4403Kb
 bounds [0x0000021a4fc00000, 0x0000021a4fe70000, 0x0000021a501a0000]
 total_blobs=7240 nmethods=6550 adapters=602
 compilation: enabled
              stopped_count=0, restarted_count=0
 full_count=0

Compilation events (20 events):
Event: 11.505 Thread 0x0000021a663e1db0 7399       2       java.lang.Class::getPermittedSubclasses (103 bytes)
Event: 11.506 Thread 0x0000021a663e1db0 nmethod 7399 0x0000021a50dd9c10 code [0x0000021a50dd9ea0, 0x0000021a50dda528]
Event: 11.572 Thread 0x0000021a663e1db0 7402       2       java.lang.Class::getMethod (59 bytes)
Event: 11.572 Thread 0x0000021a663e1db0 nmethod 7402 0x0000021a50dda990 code [0x0000021a50ddabc0, 0x0000021a50ddb0c8]
Event: 11.589 Thread 0x0000021a663e1db0 7403       2       java.util.concurrent.locks.AbstractQueuedSynchronizer::release (19 bytes)
Event: 11.590 Thread 0x0000021a663e1db0 nmethod 7403 0x0000021a50ddb410 code [0x0000021a50ddb5e0, 0x0000021a50ddb7e8]
Event: 11.590 Thread 0x0000021a663e1db0 7405       2       org.thymeleaf.util.TextUtils::compareTo (93 bytes)
Event: 11.591 Thread 0x0000021a663e1db0 nmethod 7405 0x0000021a50ddb910 code [0x0000021a50ddbb40, 0x0000021a50ddc0a8]
Event: 11.591 Thread 0x0000021a663e1db0 7404       2       java.util.concurrent.locks.ReentrantReadWriteLock$Sync::exclusiveCount (5 bytes)
Event: 11.591 Thread 0x0000021a663e1db0 nmethod 7404 0x0000021a50ddc310 code [0x0000021a50ddc4a0, 0x0000021a50ddc598]
Event: 11.591 Thread 0x0000021a663e1db0 7406       1       org.thymeleaf.templatemode.TemplateMode::isCaseSensitive (5 bytes)
Event: 11.591 Thread 0x0000021a663e1db0 nmethod 7406 0x0000021a57ad8090 code [0x0000021a57ad8220, 0x0000021a57ad82f8]
Event: 11.594 Thread 0x0000021a663e1db0 7408       2       org.thymeleaf.util.TextUtils::startsWith (135 bytes)
Event: 11.595 Thread 0x0000021a663e1db0 nmethod 7408 0x0000021a50ddc610 code [0x0000021a50ddc860, 0x0000021a50ddce18]
Event: 11.595 Thread 0x0000021a663e1db0 7409       2       org.thymeleaf.util.TextUtils::compareTo (170 bytes)
Event: 11.596 Thread 0x0000021a663e1db0 nmethod 7409 0x0000021a50ddd190 code [0x0000021a50ddd3e0, 0x0000021a50ddd9d8]
Event: 11.596 Thread 0x0000021a663e1db0 7407       2       org.thymeleaf.util.TextUtils::startsWith (102 bytes)
Event: 11.597 Thread 0x0000021a663e1db0 nmethod 7407 0x0000021a50dddd90 code [0x0000021a50dddfc0, 0x0000021a50dde4c8]
Event: 11.598 Thread 0x0000021a663e1db0 7410       2       org.thymeleaf.util.Validate::notNull (14 bytes)
Event: 11.598 Thread 0x0000021a663e1db0 nmethod 7410 0x0000021a50dde710 code [0x0000021a50dde8c0, 0x0000021a50ddea68]

GC Heap History (20 events):
Event: 5.589 GC heap before
{Heap before GC invocations=11 (full 0):
 garbage-first heap   total 63488K, used 21307K [0x0000000082600000, 0x0000000100000000)
  region size 1024K, 5 young (5120K), 4 survivors (4096K)
 Metaspace       used 45013K, committed 45440K, reserved 1089536K
  class space    used 5847K, committed 6080K, reserved 1048576K
}
Event: 5.593 GC heap after
{Heap after GC invocations=12 (full 0):
 garbage-first heap   total 63488K, used 21307K [0x0000000082600000, 0x0000000100000000)
  region size 1024K, 1 young (1024K), 1 survivors (1024K)
 Metaspace       used 45013K, committed 45440K, reserved 1089536K
  class space    used 5847K, committed 6080K, reserved 1048576K
}
Event: 6.176 GC heap before
{Heap before GC invocations=12 (full 0):
 garbage-first heap   total 63488K, used 45883K [0x0000000082600000, 0x0000000100000000)
  region size 1024K, 26 young (26624K), 1 survivors (1024K)
 Metaspace       used 50916K, committed 51392K, reserved 1097728K
  class space    used 6799K, committed 7040K, reserved 1048576K
}
Event: 6.180 GC heap after
{Heap after GC invocations=13 (full 0):
 garbage-first heap   total 63488K, used 21978K [0x0000000082600000, 0x0000000100000000)
  region size 1024K, 2 young (2048K), 2 survivors (2048K)
 Metaspace       used 50916K, committed 51392K, reserved 1097728K
  class space    used 6799K, committed 7040K, reserved 1048576K
}
Event: 7.021 GC heap before
{Heap before GC invocations=13 (full 0):
 garbage-first heap   total 63488K, used 47578K [0x0000000082600000, 0x0000000100000000)
  region size 1024K, 27 young (27648K), 2 survivors (2048K)
 Metaspace       used 54269K, committed 54784K, reserved 1097728K
  class space    used 7269K, committed 7488K, reserved 1048576K
}
Event: 7.023 GC heap after
{Heap after GC invocations=14 (full 0):
 garbage-first heap   total 63488K, used 22922K [0x0000000082600000, 0x0000000100000000)
  region size 1024K, 3 young (3072K), 3 survivors (3072K)
 Metaspace       used 54269K, committed 54784K, reserved 1097728K
  class space    used 7269K, committed 7488K, reserved 1048576K
}
Event: 8.051 GC heap before
{Heap before GC invocations=14 (full 0):
 garbage-first heap   total 63488K, used 47498K [0x0000000082600000, 0x0000000100000000)
  region size 1024K, 28 young (28672K), 3 survivors (3072K)
 Metaspace       used 58237K, committed 58688K, reserved 1105920K
  class space    used 7743K, committed 7936K, reserved 1048576K
}
Event: 8.055 GC heap after
{Heap after GC invocations=15 (full 0):
 garbage-first heap   total 63488K, used 24666K [0x0000000082600000, 0x0000000100000000)
  region size 1024K, 4 young (4096K), 4 survivors (4096K)
 Metaspace       used 58237K, committed 58688K, reserved 1105920K
  class space    used 7743K, committed 7936K, reserved 1048576K
}
Event: 8.175 GC heap before
{Heap before GC invocations=15 (full 0):
 garbage-first heap   total 63488K, used 30810K [0x0000000082600000, 0x0000000100000000)
  region size 1024K, 11 young (11264K), 4 survivors (4096K)
 Metaspace       used 59757K, committed 60288K, reserved 1105920K
  class space    used 8098K, committed 8384K, reserved 1048576K
}
Event: 8.179 GC heap after
{Heap after GC invocations=16 (full 0):
 garbage-first heap   total 63488K, used 25477K [0x0000000082600000, 0x0000000100000000)
  region size 1024K, 3 young (3072K), 3 survivors (3072K)
 Metaspace       used 59757K, committed 60288K, reserved 1105920K
  class space    used 8098K, committed 8384K, reserved 1048576K
}
Event: 8.436 GC heap before
{Heap before GC invocations=17 (full 0):
 garbage-first heap   total 63488K, used 48005K [0x0000000082600000, 0x0000000100000000)
  region size 1024K, 26 young (26624K), 3 survivors (3072K)
 Metaspace       used 60806K, committed 61440K, reserved 1105920K
  class space    used 8261K, committed 8576K, reserved 1048576K
}
Event: 8.440 GC heap after
{Heap after GC invocations=18 (full 0):
 garbage-first heap   total 63488K, used 26119K [0x0000000082600000, 0x0000000100000000)
  region size 1024K, 2 young (2048K), 2 survivors (2048K)
 Metaspace       used 60806K, committed 61440K, reserved 1105920K
  class space    used 8261K, committed 8576K, reserved 1048576K
}
Event: 8.444 GC heap before
{Heap before GC invocations=18 (full 0):
 garbage-first heap   total 63488K, used 27143K [0x0000000082600000, 0x0000000100000000)
  region size 1024K, 3 young (3072K), 2 survivors (2048K)
 Metaspace       used 60807K, committed 61440K, reserved 1105920K
  class space    used 8261K, committed 8576K, reserved 1048576K
}
Event: 8.447 GC heap after
{Heap after GC invocations=19 (full 0):
 garbage-first heap   total 63488K, used 26103K [0x0000000082600000, 0x0000000100000000)
  region size 1024K, 1 young (1024K), 1 survivors (1024K)
 Metaspace       used 60807K, committed 61440K, reserved 1105920K
  class space    used 8261K, committed 8576K, reserved 1048576K
}
Event: 8.693 GC heap before
{Heap before GC invocations=19 (full 0):
 garbage-first heap   total 63488K, used 48631K [0x0000000082600000, 0x0000000100000000)
  region size 1024K, 23 young (23552K), 1 survivors (1024K)
 Metaspace       used 61054K, committed 61632K, reserved 1105920K
  class space    used 8278K, committed 8576K, reserved 1048576K
}
Event: 8.694 GC heap after
{Heap after GC invocations=20 (full 0):
 garbage-first heap   total 63488K, used 26528K [0x0000000082600000, 0x0000000100000000)
  region size 1024K, 1 young (1024K), 1 survivors (1024K)
 Metaspace       used 61054K, committed 61632K, reserved 1105920K
  class space    used 8278K, committed 8576K, reserved 1048576K
}
Event: 8.952 GC heap before
{Heap before GC invocations=20 (full 0):
 garbage-first heap   total 63488K, used 50080K [0x0000000082600000, 0x0000000100000000)
  region size 1024K, 24 young (24576K), 1 survivors (1024K)
 Metaspace       used 61239K, committed 61824K, reserved 1105920K
  class space    used 8289K, committed 8576K, reserved 1048576K
}
Event: 8.955 GC heap after
{Heap after GC invocations=21 (full 0):
 garbage-first heap   total 63488K, used 27029K [0x0000000082600000, 0x0000000100000000)
  region size 1024K, 2 young (2048K), 2 survivors (2048K)
 Metaspace       used 61239K, committed 61824K, reserved 1105920K
  class space    used 8289K, committed 8576K, reserved 1048576K
}
Event: 9.646 GC heap before
{Heap before GC invocations=21 (full 0):
 garbage-first heap   total 63488K, used 50581K [0x0000000082600000, 0x0000000100000000)
  region size 1024K, 25 young (25600K), 2 survivors (2048K)
 Metaspace       used 64405K, committed 64960K, reserved 1105920K
  class space    used 8733K, committed 9024K, reserved 1048576K
}
Event: 9.651 GC heap after
{Heap after GC invocations=22 (full 0):
 garbage-first heap   total 138240K, used 28822K [0x0000000082600000, 0x0000000100000000)
  region size 1024K, 3 young (3072K), 3 survivors (3072K)
 Metaspace       used 64405K, committed 64960K, reserved 1105920K
  class space    used 8733K, committed 9024K, reserved 1048576K
}

Deoptimization events (20 events):
Event: 11.192 Thread 0x0000021a6cb9f620 Uncommon trap: trap_request=0xffffffde fr.pc=0x0000021a57a43094 relative=0x0000000000004d14
Event: 11.192 Thread 0x0000021a6cb9f620 Uncommon trap: reason=class_check action=maybe_recompile pc=0x0000021a57a43094 method=org.springframework.core.annotation.AnnotationsScanner.processMethodAnnotations(Ljava/lang/Object;ILjava/lang/reflect/Method;Lorg/springframework/core/annotation/Annotat
Event: 11.192 Thread 0x0000021a6cb9f620 DEOPT PACKING pc=0x0000021a57a43094 sp=0x000000d57f6fc380
Event: 11.192 Thread 0x0000021a6cb9f620 DEOPT UNPACKING pc=0x0000021a4fc523a3 sp=0x000000d57f6fc358 mode 2
Event: 11.195 Thread 0x0000021a6cb9f620 Uncommon trap: trap_request=0xffffffde fr.pc=0x0000021a57a43094 relative=0x0000000000004d14
Event: 11.195 Thread 0x0000021a6cb9f620 Uncommon trap: reason=class_check action=maybe_recompile pc=0x0000021a57a43094 method=org.springframework.core.annotation.AnnotationsScanner.processMethodAnnotations(Ljava/lang/Object;ILjava/lang/reflect/Method;Lorg/springframework/core/annotation/Annotat
Event: 11.195 Thread 0x0000021a6cb9f620 DEOPT PACKING pc=0x0000021a57a43094 sp=0x000000d57f6fc380
Event: 11.195 Thread 0x0000021a6cb9f620 DEOPT UNPACKING pc=0x0000021a4fc523a3 sp=0x000000d57f6fc358 mode 2
Event: 11.195 Thread 0x0000021a6cb9f620 Uncommon trap: trap_request=0xffffffde fr.pc=0x0000021a57a43094 relative=0x0000000000004d14
Event: 11.195 Thread 0x0000021a6cb9f620 Uncommon trap: reason=class_check action=maybe_recompile pc=0x0000021a57a43094 method=org.springframework.core.annotation.AnnotationsScanner.processMethodAnnotations(Ljava/lang/Object;ILjava/lang/reflect/Method;Lorg/springframework/core/annotation/Annotat
Event: 11.195 Thread 0x0000021a6cb9f620 DEOPT PACKING pc=0x0000021a57a43094 sp=0x000000d57f6fc380
Event: 11.196 Thread 0x0000021a6cb9f620 DEOPT UNPACKING pc=0x0000021a4fc523a3 sp=0x000000d57f6fc358 mode 2
Event: 11.197 Thread 0x0000021a6cb9f620 Uncommon trap: trap_request=0xffffffde fr.pc=0x0000021a57a43094 relative=0x0000000000004d14
Event: 11.198 Thread 0x0000021a6cb9f620 Uncommon trap: reason=class_check action=maybe_recompile pc=0x0000021a57a43094 method=org.springframework.core.annotation.AnnotationsScanner.processMethodAnnotations(Ljava/lang/Object;ILjava/lang/reflect/Method;Lorg/springframework/core/annotation/Annotat
Event: 11.198 Thread 0x0000021a6cb9f620 DEOPT PACKING pc=0x0000021a57a43094 sp=0x000000d57f6fc380
Event: 11.198 Thread 0x0000021a6cb9f620 DEOPT UNPACKING pc=0x0000021a4fc523a3 sp=0x000000d57f6fc358 mode 2
Event: 11.198 Thread 0x0000021a6cb9f620 Uncommon trap: trap_request=0xffffffde fr.pc=0x0000021a57aaeb78 relative=0x00000000000010f8
Event: 11.198 Thread 0x0000021a6cb9f620 Uncommon trap: reason=class_check action=maybe_recompile pc=0x0000021a57aaeb78 method=org.springframework.core.annotation.AnnotationsScanner.processMethodAnnotations(Ljava/lang/Object;ILjava/lang/reflect/Method;Lorg/springframework/core/annotation/Annotat
Event: 11.198 Thread 0x0000021a6cb9f620 DEOPT PACKING pc=0x0000021a57aaeb78 sp=0x000000d57f6fc330
Event: 11.199 Thread 0x0000021a6cb9f620 DEOPT UNPACKING pc=0x0000021a4fc523a3 sp=0x000000d57f6fc348 mode 2

Classes unloaded (0 events):
No events

Classes redefined (0 events):
No events

Internal exceptions (20 events):
Event: 8.454 Thread 0x0000021a670bc9f0 Exception <a 'java/lang/reflect/InvocationTargetException'{0x0000000086164df8}> (0x0000000086164df8) 
thrown [t:\workspace\open\src\hotspot\share\runtime\reflection.cpp, line 1121]
Event: 8.542 Thread 0x0000021a670bc9f0 Exception <a 'java/lang/reflect/InvocationTargetException'{0x0000000085bad088}> (0x0000000085bad088) 
thrown [t:\workspace\open\src\hotspot\share\runtime\reflection.cpp, line 1121]
Event: 8.603 Thread 0x0000021a670bc9f0 Exception <a 'java/lang/reflect/InvocationTargetException'{0x000000008559b660}> (0x000000008559b660) 
thrown [t:\workspace\open\src\hotspot\share\runtime\reflection.cpp, line 1121]
Event: 8.610 Thread 0x0000021a670bc9f0 Exception <a 'java/lang/reflect/InvocationTargetException'{0x00000000855acad0}> (0x00000000855acad0) 
thrown [t:\workspace\open\src\hotspot\share\runtime\reflection.cpp, line 1121]
Event: 8.724 Thread 0x0000021a670bc9f0 Exception <a 'java/lang/reflect/InvocationTargetException'{0x0000000085f16170}> (0x0000000085f16170) 
thrown [t:\workspace\open\src\hotspot\share\runtime\reflection.cpp, line 1121]
Event: 8.726 Thread 0x0000021a670bc9f0 Exception <a 'java/lang/reflect/InvocationTargetException'{0x0000000085f28900}> (0x0000000085f28900) 
thrown [t:\workspace\open\src\hotspot\share\runtime\reflection.cpp, line 1121]
Event: 8.732 Thread 0x0000021a670bc9f0 Exception <a 'java/lang/reflect/InvocationTargetException'{0x0000000085f3faf0}> (0x0000000085f3faf0) 
thrown [t:\workspace\open\src\hotspot\share\runtime\reflection.cpp, line 1121]
Event: 8.739 Thread 0x0000021a670bc9f0 Exception <a 'java/lang/reflect/InvocationTargetException'{0x0000000085f4d188}> (0x0000000085f4d188) 
thrown [t:\workspace\open\src\hotspot\share\runtime\reflection.cpp, line 1121]
Event: 8.808 Thread 0x0000021a670bc9f0 Exception <a 'java/lang/reflect/InvocationTargetException'{0x00000000859337f8}> (0x00000000859337f8) 
thrown [t:\workspace\open\src\hotspot\share\runtime\reflection.cpp, line 1121]
Event: 9.273 Thread 0x0000021a670bc9f0 Exception <a 'java/lang/IncompatibleClassChangeError'{0x0000000085aaaab0}: Found class java.lang.Object, but interface was expected> (0x0000000085aaaab0) 
thrown [t:\workspace\open\src\hotspot\share\interpreter\linkResolver.cpp, line 833]
Event: 9.451 Thread 0x0000021a670bc9f0 Implicit null exception at 0x0000021a577cbcc6 to 0x0000021a577cbd8f
Event: 9.603 Thread 0x0000021a670bc9f0 Implicit null exception at 0x0000021a5787416c to 0x0000021a57874220
Event: 9.773 Thread 0x0000021a670bc9f0 Exception <a 'java/lang/IncompatibleClassChangeError'{0x000000008a73c000}: Found class java.lang.Object, but interface was expected> (0x000000008a73c000) 
thrown [t:\workspace\open\src\hotspot\share\interpreter\linkResolver.cpp, line 833]
Event: 10.224 Thread 0x0000021a670bc9f0 Exception <a 'java/lang/NoSuchMethodError'{0x0000000089e6fb98}: 'java.lang.Object java.lang.invoke.DirectMethodHandle$Holder.newInvokeSpecial(java.lang.Object, java.lang.Object, int, java.lang.Object, java.lang.Object)'> (0x0000000089e6fb98) 
thrown [t:\workspace\open\src\hotspot\share\interpreter\linkResolver.cpp, line 766]
Event: 10.227 Thread 0x0000021a670bc9f0 Exception <a 'java/lang/NoSuchMethodError'{0x0000000089e7af28}: 'java.lang.Object java.lang.invoke.DirectMethodHandle$Holder.invokeSpecial(java.lang.Object, java.lang.Object, int, java.lang.Object, int, java.lang.Object)'> (0x0000000089e7af28) 
thrown [t:\workspace\open\src\hotspot\share\interpreter\linkResolver.cpp, line 766]
Event: 10.229 Thread 0x0000021a670bc9f0 Exception <a 'java/lang/NoSuchMethodError'{0x0000000089e831e0}: 'java.lang.Object java.lang.invoke.DirectMethodHandle$Holder.newInvokeSpecial(java.lang.Object, java.lang.Object, int, java.lang.Object, int)'> (0x0000000089e831e0) 
thrown [t:\workspace\open\src\hotspot\share\interpreter\linkResolver.cpp, line 766]
Event: 10.230 Thread 0x0000021a670bc9f0 Exception <a 'java/lang/NoSuchMethodError'{0x0000000089e872e0}: 'java.lang.Object java.lang.invoke.DirectMethodHandle$Holder.invokeSpecial(java.lang.Object, java.lang.Object, java.lang.Object, int, java.lang.Object, int)'> (0x0000000089e872e0) 
thrown [t:\workspace\open\src\hotspot\share\interpreter\linkResolver.cpp, line 766]
Event: 10.492 Thread 0x0000021a6cb9f620 Exception <a 'java/lang/NoSuchMethodError'{0x00000000896ecf48}: 'java.lang.Object java.lang.invoke.DirectMethodHandle$Holder.invokeSpecial(java.lang.Object, java.lang.Object, java.lang.Object, java.lang.Object, java.lang.Object, long)'> (0x00000000896ecf48) 
thrown [t:\workspace\open\src\hotspot\share\interpreter\linkResolver.cpp, line 766]
Event: 10.499 Thread 0x0000021a6cb9f620 Exception <a 'java/lang/NoSuchMethodError'{0x00000000896f0988}: 'java.lang.Object java.lang.invoke.Invokers$Holder.linkToTargetMethod(java.lang.Object, java.lang.Object, java.lang.Object, long, java.lang.Object)'> (0x00000000896f0988) 
thrown [t:\workspace\open\src\hotspot\share\interpreter\linkResolver.cpp, line 766]
Event: 10.781 Thread 0x0000021a670bc9f0 Implicit null exception at 0x0000021a57a64866 to 0x0000021a57a6583c

VM Operations (20 events):
Event: 9.646 Executing VM operation: G1CollectForAllocation
Event: 9.652 Executing VM operation: G1CollectForAllocation done
Event: 9.825 Executing VM operation: ICBufferFull
Event: 9.826 Executing VM operation: ICBufferFull done
Event: 10.089 Executing VM operation: HandshakeAllThreads
Event: 10.090 Executing VM operation: HandshakeAllThreads done
Event: 10.324 Executing VM operation: HandshakeAllThreads
Event: 10.324 Executing VM operation: HandshakeAllThreads done
Event: 10.324 Executing VM operation: ICBufferFull
Event: 10.326 Executing VM operation: ICBufferFull done
Event: 10.441 Executing VM operation: HandshakeAllThreads
Event: 10.442 Executing VM operation: HandshakeAllThreads done
Event: 10.649 Executing VM operation: HandshakeAllThreads
Event: 10.650 Executing VM operation: HandshakeAllThreads done
Event: 11.273 Executing VM operation: HandshakeAllThreads
Event: 11.273 Executing VM operation: HandshakeAllThreads done
Event: 11.425 Executing VM operation: HandshakeAllThreads
Event: 11.425 Executing VM operation: HandshakeAllThreads done
Event: 11.425 Executing VM operation: Cleanup
Event: 11.426 Executing VM operation: Cleanup done

Events (20 events):
Event: 10.316 loading class sun/nio/ch/SocketChannelImpl$DefaultOptionsHolder done
Event: 10.318 loading class sun/nio/ch/SelectionKeyImpl
Event: 10.318 loading class java/nio/channels/spi/AbstractSelectionKey
Event: 10.318 loading class java/nio/channels/SelectionKey
Event: 10.318 loading class java/nio/channels/SelectionKey done
Event: 10.318 loading class java/nio/channels/spi/AbstractSelectionKey done
Event: 10.318 loading class sun/nio/ch/SelectionKeyImpl done
Event: 10.319 loading class java/lang/invoke/ConstantBootstraps
Event: 10.319 loading class java/lang/invoke/ConstantBootstraps done
Event: 10.544 loading class sun/nio/cs/ThreadLocalCoders
Event: 10.545 loading class sun/nio/cs/ThreadLocalCoders done
Event: 10.545 loading class sun/nio/cs/ThreadLocalCoders$1
Event: 10.546 loading class sun/nio/cs/ThreadLocalCoders$Cache
Event: 10.546 loading class sun/nio/cs/ThreadLocalCoders$Cache done
Event: 10.546 loading class sun/nio/cs/ThreadLocalCoders$1 done
Event: 10.546 loading class sun/nio/cs/ThreadLocalCoders$2
Event: 10.546 loading class sun/nio/cs/ThreadLocalCoders$2 done
Event: 11.528 Thread 0x0000021a6cb9bc60 Thread exited: 0x0000021a6cb9bc60
Event: 11.538 loading class java/util/concurrent/locks/ReentrantReadWriteLock$FairSync
Event: 11.538 loading class java/util/concurrent/locks/ReentrantReadWriteLock$FairSync done


Dynamic libraries:
0x00007ff659fb0000 - 0x00007ff659fbe000 	C:\Users\hp\.jdks\openjdk-17.0.2\bin\java.exe
0x00007ffb6f810000 - 0x00007ffb6fa08000 	C:\WINDOWS\SYSTEM32\ntdll.dll
0x00007ffb6f710000 - 0x00007ffb6f7cf000 	C:\WINDOWS\System32\KERNEL32.DLL
0x00007ffb6cf30000 - 0x00007ffb6d202000 	C:\WINDOWS\System32\KERNELBASE.dll
0x00007ffb6d340000 - 0x00007ffb6d440000 	C:\WINDOWS\System32\ucrtbase.dll
0x00007ffb49d80000 - 0x00007ffb49d9a000 	C:\Users\hp\.jdks\openjdk-17.0.2\bin\VCRUNTIME140.dll
0x00007ffb4a7d0000 - 0x00007ffb4a7e8000 	C:\Users\hp\.jdks\openjdk-17.0.2\bin\jli.dll
0x00007ffb6d850000 - 0x00007ffb6d9f1000 	C:\WINDOWS\System32\USER32.dll
0x00007ffb55e90000 - 0x00007ffb5612a000 	C:\WINDOWS\WinSxS\amd64_microsoft.windows.common-controls_6595b64144ccf1df_6.0.19041.1110_none_60b5254171f9507e\COMCTL32.dll
0x00007ffb6f0f0000 - 0x00007ffb6f18e000 	C:\WINDOWS\System32\msvcrt.dll
0x00007ffb6cf00000 - 0x00007ffb6cf22000 	C:\WINDOWS\System32\win32u.dll
0x00007ffb6f0c0000 - 0x00007ffb6f0eb000 	C:\WINDOWS\System32\GDI32.dll
0x00007ffb6d540000 - 0x00007ffb6d64f000 	C:\WINDOWS\System32\gdi32full.dll
0x00007ffb6d650000 - 0x00007ffb6d6ed000 	C:\WINDOWS\System32\msvcp_win.dll
0x00007ffb6e2c0000 - 0x00007ffb6e2f2000 	C:\WINDOWS\System32\IMM32.DLL
0x00007ffb52690000 - 0x00007ffb5269c000 	C:\Users\hp\.jdks\openjdk-17.0.2\bin\vcruntime140_1.dll
0x00007ffb444b0000 - 0x00007ffb4453d000 	C:\Users\hp\.jdks\openjdk-17.0.2\bin\msvcp140.dll
0x00007ffb35250000 - 0x00007ffb35e11000 	C:\Users\hp\.jdks\openjdk-17.0.2\bin\server\jvm.dll
0x00007ffb6e300000 - 0x00007ffb6e3ae000 	C:\WINDOWS\System32\ADVAPI32.dll
0x00007ffb6da00000 - 0x00007ffb6da9c000 	C:\WINDOWS\System32\sechost.dll
0x00007ffb6e190000 - 0x00007ffb6e2b5000 	C:\WINDOWS\System32\RPCRT4.dll
0x00007ffb6e4d0000 - 0x00007ffb6e4d8000 	C:\WINDOWS\System32\PSAPI.DLL
0x00007ffb20f10000 - 0x00007ffb20f19000 	C:\WINDOWS\SYSTEM32\WSOCK32.dll
0x00007ffb62120000 - 0x00007ffb62147000 	C:\WINDOWS\SYSTEM32\WINMM.dll
0x00007ffb6e7b0000 - 0x00007ffb6e81b000 	C:\WINDOWS\System32\WS2_32.dll
0x00007ffb666e0000 - 0x00007ffb666ea000 	C:\WINDOWS\SYSTEM32\VERSION.dll
0x00007ffb6ad80000 - 0x00007ffb6ad92000 	C:\WINDOWS\SYSTEM32\kernel.appcore.dll
0x00007ffb524d0000 - 0x00007ffb524da000 	C:\Users\hp\.jdks\openjdk-17.0.2\bin\jimage.dll
0x00007ffb5b220000 - 0x00007ffb5b404000 	C:\WINDOWS\SYSTEM32\DBGHELP.DLL
0x00007ffb53400000 - 0x00007ffb53435000 	C:\WINDOWS\SYSTEM32\dbgcore.DLL
0x00007ffb6d210000 - 0x00007ffb6d292000 	C:\WINDOWS\System32\bcryptPrimitives.dll
0x00007ffb49430000 - 0x00007ffb49455000 	C:\Users\hp\.jdks\openjdk-17.0.2\bin\java.dll
0x00007ffb3b8d0000 - 0x00007ffb3b9a6000 	C:\Users\hp\.jdks\openjdk-17.0.2\bin\jsvml.dll
0x00007ffb6e950000 - 0x00007ffb6f094000 	C:\WINDOWS\System32\SHELL32.dll
0x00007ffb6af80000 - 0x00007ffb6b712000 	C:\WINDOWS\SYSTEM32\windows.storage.dll
0x00007ffb6daa0000 - 0x00007ffb6ddf5000 	C:\WINDOWS\System32\combase.dll
0x00007ffb6c900000 - 0x00007ffb6c930000 	C:\WINDOWS\SYSTEM32\Wldp.dll
0x00007ffb6e4f0000 - 0x00007ffb6e59d000 	C:\WINDOWS\System32\SHCORE.dll
0x00007ffb6e130000 - 0x00007ffb6e185000 	C:\WINDOWS\System32\shlwapi.dll
0x00007ffb6ce40000 - 0x00007ffb6ce5f000 	C:\WINDOWS\SYSTEM32\profapi.dll
0x00007ffb49410000 - 0x00007ffb49429000 	C:\Users\hp\.jdks\openjdk-17.0.2\bin\net.dll
0x00007ffb64910000 - 0x00007ffb64a1c000 	C:\WINDOWS\SYSTEM32\WINHTTP.dll
0x00007ffb6c660000 - 0x00007ffb6c6ca000 	C:\WINDOWS\system32\mswsock.dll
0x00007ffb48240000 - 0x00007ffb48256000 	C:\Users\hp\.jdks\openjdk-17.0.2\bin\nio.dll
0x00007ffb48220000 - 0x00007ffb48238000 	C:\Users\hp\.jdks\openjdk-17.0.2\bin\zip.dll
0x00007ffb52900000 - 0x00007ffb52909000 	C:\Users\hp\.jdks\openjdk-17.0.2\bin\management.dll
0x00007ffb528f0000 - 0x00007ffb528fb000 	C:\Users\hp\.jdks\openjdk-17.0.2\bin\management_ext.dll
0x00007ffb51ab0000 - 0x00007ffb51ac0000 	C:\Users\hp\.jdks\openjdk-17.0.2\bin\verify.dll
0x00007ffb6c810000 - 0x00007ffb6c828000 	C:\WINDOWS\SYSTEM32\CRYPTSP.dll
0x00007ffb6bf30000 - 0x00007ffb6bf64000 	C:\WINDOWS\system32\rsaenh.dll
0x00007ffb6d2a0000 - 0x00007ffb6d2c7000 	C:\WINDOWS\System32\bcrypt.dll
0x00007ffb6ce00000 - 0x00007ffb6ce2e000 	C:\WINDOWS\SYSTEM32\USERENV.dll
0x00007ffb6c800000 - 0x00007ffb6c80c000 	C:\WINDOWS\SYSTEM32\CRYPTBASE.dll
0x00007ffb6c320000 - 0x00007ffb6c35b000 	C:\WINDOWS\SYSTEM32\IPHLPAPI.DLL
0x00007ffb6dee0000 - 0x00007ffb6dee8000 	C:\WINDOWS\System32\NSI.dll
0x00007ffb66100000 - 0x00007ffb66117000 	C:\WINDOWS\SYSTEM32\dhcpcsvc6.DLL
0x00007ffb666f0000 - 0x00007ffb6670d000 	C:\WINDOWS\SYSTEM32\dhcpcsvc.DLL
0x00007ffb6c370000 - 0x00007ffb6c43a000 	C:\WINDOWS\SYSTEM32\DNSAPI.dll
0x00007ffb528e0000 - 0x00007ffb528ee000 	C:\Users\hp\.jdks\openjdk-17.0.2\bin\sunmscapi.dll
0x00007ffb6d6f0000 - 0x00007ffb6d846000 	C:\WINDOWS\System32\CRYPT32.dll
0x00007ffb6c9b0000 - 0x00007ffb6c9d7000 	C:\WINDOWS\SYSTEM32\ncrypt.dll
0x00007ffb6c970000 - 0x00007ffb6c9ab000 	C:\WINDOWS\SYSTEM32\NTASN1.dll
0x00007ffb61f40000 - 0x00007ffb61f4a000 	C:\Windows\System32\rasadhlp.dll
0x00007ffb5b560000 - 0x00007ffb5b5e0000 	C:\WINDOWS\System32\fwpuclnt.dll
0x00007ffb528d0000 - 0x00007ffb528d7000 	C:\WINDOWS\system32\wshunix.dll

dbghelp: loaded successfully - version: 4.0.5 - missing functions: none
symbol engine: initialized successfully - sym options: 0x614 - pdb path: .;C:\Users\hp\.jdks\openjdk-17.0.2\bin;C:\WINDOWS\SYSTEM32;C:\WINDOWS\WinSxS\amd64_microsoft.windows.common-controls_6595b64144ccf1df_6.0.19041.1110_none_60b5254171f9507e;C:\Users\hp\.jdks\openjdk-17.0.2\bin\server

VM Arguments:
jvm_args: -Dfile.encoding=windows-1252 -Duser.country=BE -Duser.language=fr -Duser.variant 
java_command: com.porteFeuille.demo.DemoAppApplication
java_class_path (initial): C:\Users\hp\Desktop\Serveur_et_BD-nouvelle_branche\demo\build\classes\java\main;C:\Users\hp\Desktop\Serveur_et_BD-nouvelle_branche\demo\build\resources\main;C:\Users\hp\.gradle\caches\modules-2\files-2.1\org.springframework.boot\spring-boot-devtools\3.0.2\8e74cf503d8f8b66960ecf3780446c5750866aa6\spring-boot-devtools-3.0.2.jar;C:\Users\hp\.gradle\caches\modules-2\files-2.1\org.json\json\20211205\47032dcf2f69880f07dab3dc60b4b0ad97318308\json-20211205.jar;C:\Users\hp\.gradle\caches\modules-2\files-2.1\org.springframework.boot\spring-boot-starter-data-jpa\3.0.2\fc0dbe82effb33d3d89b4cf2ec6b7968ad2af558\spring-boot-starter-data-jpa-3.0.2.jar;C:\Users\hp\.gradle\caches\modules-2\files-2.1\org.springframework.boot\spring-boot-starter-web\3.0.2\3f6a2cb4cb11bac3611f5a95e234589eb190dd29\spring-boot-starter-web-3.0.2.jar;C:\Users\hp\.gradle\caches\modules-2\files-2.1\org.springframework.boot\spring-boot-starter-security\3.0.2\9482177b76f34717dc85b20c650ab1248005ebb4\spring-boot-starter-security-3.0.2.jar;C:\Users\hp\.gradle\caches\modules-2\files-2.1\org.springframework.boot\spring-boot-starter-thymeleaf\3.0.2\e79481a7c3984941b9f9c73271867e4fcb4c0cc5\spring-boot-starter-thymeleaf-3.0.2.jar;C:\Users\hp\.gradle\caches\modules-2\files-2.1\com.mysql\mysql-connector-j\8.0.32\41ec3f8cdaccf6c46a47d7cd628eeb59a926d9d4\mysql-connector-j-8.0.32.jar;C:\Users\hp\.gradle\caches\modules-2\files-2.1\org.springframework.boot\spring-boot-starter-aop\3.0.2\cfb3ff6a7f8d47c9703f140387f39a837b81ab52\spring-boot-starter-aop-3.0.2.jar;C:\Users\hp\.gradle\caches\modules-2\files-2.1\org.springframework.boot\spring-boot-starter-jdbc\3.0.2\662285456edce14301de88fc0ab4937643a51b50\spring-boot-starter-jdbc-3.0.2.jar;C:\Users\hp\.gradle\caches\modules-2\files-2.1\org.springframework.boot\spring-boot-starter-json\3.0.2\11b9a2903af9014696d2576605bb73e8bca6ee19\spring-boot-starter-json-3.0.2.jar;C:\Users\hp\.gradle\caches\modules-2\files-2.1\org.springframework.boot\spring-boot-sta
Launcher Type: SUN_STANDARD

[Global flags]
     intx CICompilerCount                          = 4                                         {product} {ergonomic}
     uint ConcGCThreads                            = 2                                         {product} {ergonomic}
     uint G1ConcRefinementThreads                  = 8                                         {product} {ergonomic}
   size_t G1HeapRegionSize                         = 1048576                                   {product} {ergonomic}
    uintx GCDrainStackTargetSize                   = 64                                        {product} {ergonomic}
   size_t InitialHeapSize                          = 132120576                                 {product} {ergonomic}
   size_t MarkStackSize                            = 4194304                                   {product} {ergonomic}
   size_t MaxHeapSize                              = 2107637760                                {product} {ergonomic}
   size_t MaxNewSize                               = 1264582656                                {product} {ergonomic}
   size_t MinHeapDeltaBytes                        = 1048576                                   {product} {ergonomic}
   size_t MinHeapSize                              = 8388608                                   {product} {ergonomic}
    uintx NonNMethodCodeHeapSize                   = 5839372                                {pd product} {ergonomic}
    uintx NonProfiledCodeHeapSize                  = 122909434                              {pd product} {ergonomic}
    uintx ProfiledCodeHeapSize                     = 122909434                              {pd product} {ergonomic}
    uintx ReservedCodeCacheSize                    = 251658240                              {pd product} {ergonomic}
     bool SegmentedCodeCache                       = true                                      {product} {ergonomic}
   size_t SoftMaxHeapSize                          = 2107637760                             {manageable} {ergonomic}
     bool UseCompressedClassPointers               = true                           {product lp64_product} {ergonomic}
     bool UseCompressedOops                        = true                           {product lp64_product} {ergonomic}
     bool UseG1GC                                  = true                                      {product} {ergonomic}
     bool UseLargePagesIndividualAllocation        = false                                  {pd product} {ergonomic}

Logging:
Log output configuration:
 #0: stdout all=warning uptime,level,tags
 #1: stderr all=off uptime,level,tags

Environment Variables:
JAVA_HOME=C:\Program Files\Java\jdk-11.0.16
PATH=C:\Program Files (x86)\Common Files\Oracle\Java\javapath;C:\WINDOWS\system32;C:\WINDOWS;C:\WINDOWS\System32\Wbem;C:\WINDOWS\System32\WindowsPowerShell\v1.0\;C:\WINDOWS\System32\OpenSSH\;C:\Program Files (x86)\NVIDIA Corporation\PhysX\Common;C:\Program Files\NVIDIA Corporation\NVIDIA NvDLISR;C:\Gradle\gradle-7.4.2\bin;C:\MinGW\bin;C:\Program Files (x86)\Bitvise SSH Client;C:\Users\hp\AppData\Local\Microsoft\WindowsApps;C:\Users\hp\AppData\Local\Programs\Microsoft VS Code\bin
USERNAME=hp
OS=Windows_NT
PROCESSOR_IDENTIFIER=Intel64 Family 6 Model 158 Stepping 10, GenuineIntel



---------------  S Y S T E M  ---------------

OS:
 Windows 10 , 64 bit Build 19041 (10.0.19041.2364)
OS uptime: 0 days 3:05 hours
Hyper-V role detected

CPU: total 8 (initial active 8) (4 cores per cpu, 2 threads per core) family 6 model 158 stepping 10 microcode 0xb4, cx8, cmov, fxsr, ht, mmx, 3dnowpref, sse, sse2, sse3, ssse3, sse4.1, sse4.2, popcnt, lzcnt, tsc, tscinvbit, avx, avx2, aes, erms, clmul, bmi1, bmi2, adx, fma, vzeroupper, clflush, clflushopt, hv

Memory: 4k page, system-wide physical 8032M (958M free)
TotalPageFile size 11851M (AvailPageFile size 6M)
current process WorkingSet (physical memory assigned to process): 325M, peak: 329M
current process commit charge ("private bytes"): 408M, peak: 418M

vm_info: OpenJDK 64-Bit Server VM (17.0.2+8-86) for windows-amd64 JRE (17.0.2+8-86), built on Dec  7 2021 21:49:10 by "mach5one" with MS VC++ 16.8 / 16.9 (VS2019)

END.
